{"C:\\Users\\Евгений\\Desktop\\jquery-slider — копия (2)\\src\\components\\runner.ts": {"path":"C:\\Users\\Евгений\\Desktop\\jquery-slider — копия (2)\\src\\components\\runner.ts","statementMap":{"0":{"start":{"line":1,"column":0},"end":{"line":1,"column":22}},"1":{"start":{"line":8,"column":8},"end":{"line":8,"column":null}},"2":{"start":{"line":9,"column":8},"end":{"line":30,"column":null}},"3":{"start":{"line":13,"column":20},"end":{"line":24,"column":null}},"4":{"start":{"line":14,"column":24},"end":{"line":18,"column":null}},"5":{"start":{"line":15,"column":28},"end":{"line":17,"column":null}},"6":{"start":{"line":19,"column":24},"end":{"line":23,"column":null}},"7":{"start":{"line":20,"column":28},"end":{"line":22,"column":null}},"8":{"start":{"line":25,"column":20},"end":{"line":27,"column":null}},"9":{"start":{"line":26,"column":24},"end":{"line":26,"column":null}},"10":{"start":{"line":34,"column":8},"end":{"line":34,"column":null}},"11":{"start":{"line":38,"column":8},"end":{"line":40,"column":null}},"12":{"start":{"line":39,"column":12},"end":{"line":39,"column":null}},"13":{"start":{"line":41,"column":8},"end":{"line":43,"column":null}},"14":{"start":{"line":42,"column":12},"end":{"line":42,"column":null}},"15":{"start":{"line":48,"column":4},"end":{"line":48,"column":10}}},"fnMap":{"0":{"name":"(anonymous_1)","decl":{"start":{"line":7,"column":4},"end":{"line":7,"column":23}},"loc":{"start":{"line":7,"column":59},"end":{"line":31,"column":5}}},"1":{"name":"(anonymous_2)","decl":{"start":{"line":12,"column":27},"end":{"line":12,"column":30}},"loc":{"start":{"line":12,"column":32},"end":{"line":28,"column":17}}},"2":{"name":"(anonymous_3)","decl":{"start":{"line":13,"column":49},"end":{"line":13,"column":50}},"loc":{"start":{"line":13,"column":55},"end":{"line":24,"column":21}}},"3":{"name":"(anonymous_4)","decl":{"start":{"line":25,"column":46},"end":{"line":25,"column":49}},"loc":{"start":{"line":25,"column":51},"end":{"line":27,"column":21}}},"4":{"name":"(anonymous_5)","decl":{"start":{"line":33,"column":11},"end":{"line":33,"column":20}},"loc":{"start":{"line":33,"column":20},"end":{"line":35,"column":5}}},"5":{"name":"(anonymous_6)","decl":{"start":{"line":37,"column":11},"end":{"line":37,"column":29}},"loc":{"start":{"line":37,"column":46},"end":{"line":44,"column":5}}}},"branchMap":{"0":{"loc":{"start":{"line":14,"column":24},"end":{"line":18,"column":null}},"type":"if","locations":[{"start":{"line":14,"column":24},"end":{"line":18,"column":null}},{"start":{"line":14,"column":24},"end":{"line":18,"column":null}}]},"1":{"loc":{"start":{"line":19,"column":24},"end":{"line":23,"column":null}},"type":"if","locations":[{"start":{"line":19,"column":24},"end":{"line":23,"column":null}},{"start":{"line":19,"column":24},"end":{"line":23,"column":null}}]},"2":{"loc":{"start":{"line":38,"column":8},"end":{"line":40,"column":null}},"type":"if","locations":[{"start":{"line":38,"column":8},"end":{"line":40,"column":null}},{"start":{"line":38,"column":8},"end":{"line":40,"column":null}}]},"3":{"loc":{"start":{"line":41,"column":8},"end":{"line":43,"column":null}},"type":"if","locations":[{"start":{"line":41,"column":8},"end":{"line":43,"column":null}},{"start":{"line":41,"column":8},"end":{"line":43,"column":null}}]}},"s":{"0":3,"1":8,"2":8,"3":2,"4":2,"5":1,"6":2,"7":1,"8":2,"9":3,"10":12,"11":38,"12":13,"13":38,"14":25,"15":3},"f":{"0":8,"1":2,"2":2,"3":3,"4":12,"5":38},"b":{"0":[1,1],"1":[1,1],"2":[13,25],"3":[25,13]}}
,"C:\\Users\\Евгений\\Desktop\\jquery-slider — копия (2)\\src\\components\\scale-value.ts": {"path":"C:\\Users\\Евгений\\Desktop\\jquery-slider — копия (2)\\src\\components\\scale-value.ts","statementMap":{"0":{"start":{"line":1,"column":0},"end":{"line":1,"column":22}},"1":{"start":{"line":8,"column":8},"end":{"line":8,"column":null}},"2":{"start":{"line":9,"column":8},"end":{"line":25,"column":null}},"3":{"start":{"line":13,"column":20},"end":{"line":17,"column":null}},"4":{"start":{"line":14,"column":24},"end":{"line":16,"column":null}},"5":{"start":{"line":18,"column":20},"end":{"line":22,"column":null}},"6":{"start":{"line":19,"column":24},"end":{"line":21,"column":null}},"7":{"start":{"line":29,"column":8},"end":{"line":29,"column":null}},"8":{"start":{"line":33,"column":8},"end":{"line":39,"column":null}},"9":{"start":{"line":34,"column":12},"end":{"line":34,"column":null}},"10":{"start":{"line":36,"column":12},"end":{"line":38,"column":null}},"11":{"start":{"line":37,"column":16},"end":{"line":37,"column":null}},"12":{"start":{"line":40,"column":8},"end":{"line":46,"column":null}},"13":{"start":{"line":41,"column":12},"end":{"line":41,"column":null}},"14":{"start":{"line":43,"column":12},"end":{"line":45,"column":null}},"15":{"start":{"line":44,"column":16},"end":{"line":44,"column":null}},"16":{"start":{"line":51,"column":4},"end":{"line":51,"column":14}}},"fnMap":{"0":{"name":"(anonymous_1)","decl":{"start":{"line":7,"column":4},"end":{"line":7,"column":23}},"loc":{"start":{"line":7,"column":39},"end":{"line":26,"column":5}}},"1":{"name":"(anonymous_2)","decl":{"start":{"line":12,"column":23},"end":{"line":12,"column":24}},"loc":{"start":{"line":12,"column":48},"end":{"line":23,"column":17}}},"2":{"name":"(anonymous_3)","decl":{"start":{"line":28,"column":11},"end":{"line":28,"column":24}},"loc":{"start":{"line":28,"column":24},"end":{"line":30,"column":5}}},"3":{"name":"(anonymous_4)","decl":{"start":{"line":32,"column":11},"end":{"line":32,"column":33}},"loc":{"start":{"line":32,"column":63},"end":{"line":47,"column":5}}}},"branchMap":{"0":{"loc":{"start":{"line":13,"column":20},"end":{"line":17,"column":null}},"type":"if","locations":[{"start":{"line":13,"column":20},"end":{"line":17,"column":null}},{"start":{"line":13,"column":20},"end":{"line":17,"column":null}}]},"1":{"loc":{"start":{"line":18,"column":20},"end":{"line":22,"column":null}},"type":"if","locations":[{"start":{"line":18,"column":20},"end":{"line":22,"column":null}},{"start":{"line":18,"column":20},"end":{"line":22,"column":null}}]},"2":{"loc":{"start":{"line":33,"column":8},"end":{"line":39,"column":null}},"type":"if","locations":[{"start":{"line":33,"column":8},"end":{"line":39,"column":null}},{"start":{"line":33,"column":8},"end":{"line":39,"column":null}}]},"3":{"loc":{"start":{"line":36,"column":12},"end":{"line":38,"column":null}},"type":"if","locations":[{"start":{"line":36,"column":12},"end":{"line":38,"column":null}},{"start":{"line":36,"column":12},"end":{"line":38,"column":null}}]},"4":{"loc":{"start":{"line":40,"column":8},"end":{"line":46,"column":null}},"type":"if","locations":[{"start":{"line":40,"column":8},"end":{"line":46,"column":null}},{"start":{"line":40,"column":8},"end":{"line":46,"column":null}}]},"5":{"loc":{"start":{"line":43,"column":12},"end":{"line":45,"column":null}},"type":"if","locations":[{"start":{"line":43,"column":12},"end":{"line":45,"column":null}},{"start":{"line":43,"column":12},"end":{"line":45,"column":null}}]}},"s":{"0":3,"1":6,"2":6,"3":2,"4":1,"5":2,"6":1,"7":12,"8":40,"9":14,"10":14,"11":3,"12":40,"13":26,"14":26,"15":13,"16":3},"f":{"0":6,"1":2,"2":12,"3":40},"b":{"0":[1,1],"1":[1,1],"2":[14,26],"3":[3,11],"4":[26,14],"5":[13,13]}}
,"C:\\Users\\Евгений\\Desktop\\jquery-slider — копия (2)\\src\\components\\scale.ts": {"path":"C:\\Users\\Евгений\\Desktop\\jquery-slider — копия (2)\\src\\components\\scale.ts","statementMap":{"0":{"start":{"line":1,"column":0},"end":{"line":1,"column":22}},"1":{"start":{"line":8,"column":8},"end":{"line":8,"column":null}},"2":{"start":{"line":9,"column":8},"end":{"line":25,"column":null}},"3":{"start":{"line":13,"column":20},"end":{"line":17,"column":null}},"4":{"start":{"line":14,"column":24},"end":{"line":16,"column":null}},"5":{"start":{"line":18,"column":20},"end":{"line":22,"column":null}},"6":{"start":{"line":19,"column":24},"end":{"line":21,"column":null}},"7":{"start":{"line":29,"column":8},"end":{"line":29,"column":null}},"8":{"start":{"line":34,"column":4},"end":{"line":34,"column":9}}},"fnMap":{"0":{"name":"(anonymous_1)","decl":{"start":{"line":7,"column":4},"end":{"line":7,"column":23}},"loc":{"start":{"line":7,"column":39},"end":{"line":26,"column":5}}},"1":{"name":"(anonymous_2)","decl":{"start":{"line":12,"column":23},"end":{"line":12,"column":24}},"loc":{"start":{"line":12,"column":48},"end":{"line":23,"column":17}}},"2":{"name":"(anonymous_3)","decl":{"start":{"line":28,"column":11},"end":{"line":28,"column":19}},"loc":{"start":{"line":28,"column":19},"end":{"line":30,"column":5}}}},"branchMap":{"0":{"loc":{"start":{"line":13,"column":20},"end":{"line":17,"column":null}},"type":"if","locations":[{"start":{"line":13,"column":20},"end":{"line":17,"column":null}},{"start":{"line":13,"column":20},"end":{"line":17,"column":null}}]},"1":{"loc":{"start":{"line":18,"column":20},"end":{"line":22,"column":null}},"type":"if","locations":[{"start":{"line":18,"column":20},"end":{"line":22,"column":null}},{"start":{"line":18,"column":20},"end":{"line":22,"column":null}}]}},"s":{"0":3,"1":6,"2":6,"3":2,"4":1,"5":2,"6":1,"7":8,"8":3},"f":{"0":6,"1":2,"2":8},"b":{"0":[1,1],"1":[1,1]}}
,"C:\\Users\\Евгений\\Desktop\\jquery-slider — копия (2)\\src\\components\\slider.ts": {"path":"C:\\Users\\Евгений\\Desktop\\jquery-slider — копия (2)\\src\\components\\slider.ts","statementMap":{"0":{"start":{"line":1,"column":0},"end":{"line":1,"column":22}},"1":{"start":{"line":7,"column":8},"end":{"line":9,"column":null}},"2":{"start":{"line":13,"column":8},"end":{"line":13,"column":null}},"3":{"start":{"line":18,"column":4},"end":{"line":18,"column":10}}},"fnMap":{"0":{"name":"(anonymous_1)","decl":{"start":{"line":6,"column":4},"end":{"line":6,"column":23}},"loc":{"start":{"line":6,"column":39},"end":{"line":10,"column":5}}},"1":{"name":"(anonymous_2)","decl":{"start":{"line":12,"column":11},"end":{"line":12,"column":20}},"loc":{"start":{"line":12,"column":20},"end":{"line":14,"column":5}}}},"branchMap":{},"s":{"0":3,"1":6,"2":6,"3":3},"f":{"0":6,"1":6},"b":{}}
,"C:\\Users\\Евгений\\Desktop\\jquery-slider — копия (2)\\src\\components\\window-value.ts": {"path":"C:\\Users\\Евгений\\Desktop\\jquery-slider — копия (2)\\src\\components\\window-value.ts","statementMap":{"0":{"start":{"line":1,"column":0},"end":{"line":1,"column":22}},"1":{"start":{"line":8,"column":8},"end":{"line":8,"column":null}},"2":{"start":{"line":9,"column":8},"end":{"line":11,"column":null}},"3":{"start":{"line":15,"column":8},"end":{"line":15,"column":null}},"4":{"start":{"line":19,"column":8},"end":{"line":21,"column":null}},"5":{"start":{"line":20,"column":12},"end":{"line":20,"column":null}},"6":{"start":{"line":22,"column":8},"end":{"line":24,"column":null}},"7":{"start":{"line":23,"column":12},"end":{"line":23,"column":null}},"8":{"start":{"line":25,"column":8},"end":{"line":25,"column":null}},"9":{"start":{"line":30,"column":4},"end":{"line":30,"column":15}}},"fnMap":{"0":{"name":"(anonymous_1)","decl":{"start":{"line":7,"column":4},"end":{"line":7,"column":23}},"loc":{"start":{"line":7,"column":39},"end":{"line":12,"column":5}}},"1":{"name":"(anonymous_2)","decl":{"start":{"line":14,"column":11},"end":{"line":14,"column":25}},"loc":{"start":{"line":14,"column":25},"end":{"line":16,"column":5}}},"2":{"name":"(anonymous_3)","decl":{"start":{"line":18,"column":11},"end":{"line":18,"column":34}},"loc":{"start":{"line":18,"column":66},"end":{"line":26,"column":5}}}},"branchMap":{"0":{"loc":{"start":{"line":19,"column":8},"end":{"line":21,"column":null}},"type":"if","locations":[{"start":{"line":19,"column":8},"end":{"line":21,"column":null}},{"start":{"line":19,"column":8},"end":{"line":21,"column":null}}]},"1":{"loc":{"start":{"line":22,"column":8},"end":{"line":24,"column":null}},"type":"if","locations":[{"start":{"line":22,"column":8},"end":{"line":24,"column":null}},{"start":{"line":22,"column":8},"end":{"line":24,"column":null}}]}},"s":{"0":3,"1":8,"2":8,"3":10,"4":31,"5":6,"6":31,"7":25,"8":31,"9":3},"f":{"0":8,"1":10,"2":31},"b":{"0":[6,25],"1":[25,6]}}
,"C:\\Users\\Евгений\\Desktop\\jquery-slider — копия (2)\\src\\mvp\\model.ts": {"path":"C:\\Users\\Евгений\\Desktop\\jquery-slider — копия (2)\\src\\mvp\\model.ts","statementMap":{"0":{"start":{"line":26,"column":8},"end":{"line":26,"column":null}},"1":{"start":{"line":27,"column":8},"end":{"line":27,"column":null}},"2":{"start":{"line":28,"column":8},"end":{"line":28,"column":null}},"3":{"start":{"line":29,"column":8},"end":{"line":34,"column":null}},"4":{"start":{"line":30,"column":12},"end":{"line":30,"column":null}},"5":{"start":{"line":31,"column":12},"end":{"line":31,"column":null}},"6":{"start":{"line":32,"column":15},"end":{"line":34,"column":null}},"7":{"start":{"line":33,"column":12},"end":{"line":33,"column":null}},"8":{"start":{"line":38,"column":8},"end":{"line":61,"column":null}},"9":{"start":{"line":39,"column":12},"end":{"line":41,"column":null}},"10":{"start":{"line":40,"column":16},"end":{"line":40,"column":null}},"11":{"start":{"line":42,"column":12},"end":{"line":45,"column":null}},"12":{"start":{"line":43,"column":16},"end":{"line":43,"column":75}},"13":{"start":{"line":43,"column":69},"end":{"line":43,"column":75}},"14":{"start":{"line":44,"column":16},"end":{"line":44,"column":null}},"15":{"start":{"line":46,"column":15},"end":{"line":61,"column":null}},"16":{"start":{"line":47,"column":12},"end":{"line":49,"column":null}},"17":{"start":{"line":48,"column":16},"end":{"line":48,"column":null}},"18":{"start":{"line":50,"column":12},"end":{"line":53,"column":null}},"19":{"start":{"line":51,"column":16},"end":{"line":51,"column":85}},"20":{"start":{"line":51,"column":79},"end":{"line":51,"column":85}},"21":{"start":{"line":52,"column":16},"end":{"line":52,"column":null}},"22":{"start":{"line":54,"column":12},"end":{"line":56,"column":null}},"23":{"start":{"line":55,"column":16},"end":{"line":55,"column":null}},"24":{"start":{"line":57,"column":12},"end":{"line":60,"column":null}},"25":{"start":{"line":58,"column":16},"end":{"line":58,"column":84}},"26":{"start":{"line":58,"column":78},"end":{"line":58,"column":84}},"27":{"start":{"line":59,"column":16},"end":{"line":59,"column":null}},"28":{"start":{"line":66,"column":4},"end":{"line":66,"column":9}}},"fnMap":{"0":{"name":"(anonymous_0)","decl":{"start":{"line":25,"column":4},"end":{"line":25,"column":23}},"loc":{"start":{"line":25,"column":40},"end":{"line":35,"column":5}}},"1":{"name":"(anonymous_1)","decl":{"start":{"line":37,"column":11},"end":{"line":37,"column":15}},"loc":{"start":{"line":37,"column":15},"end":{"line":62,"column":5}}},"2":{"name":"(anonymous_2)","decl":{"start":{"line":39,"column":35},"end":{"line":39,"column":null}},"loc":{"start":{"line":39,"column":35},"end":{"line":41,"column":13}}},"3":{"name":"(anonymous_3)","decl":{"start":{"line":42,"column":35},"end":{"line":42,"column":44}},"loc":{"start":{"line":42,"column":49},"end":{"line":45,"column":13}}},"4":{"name":"(anonymous_4)","decl":{"start":{"line":47,"column":38},"end":{"line":47,"column":null}},"loc":{"start":{"line":47,"column":38},"end":{"line":49,"column":13}}},"5":{"name":"(anonymous_5)","decl":{"start":{"line":50,"column":38},"end":{"line":50,"column":47}},"loc":{"start":{"line":50,"column":52},"end":{"line":53,"column":13}}},"6":{"name":"(anonymous_6)","decl":{"start":{"line":54,"column":38},"end":{"line":54,"column":null}},"loc":{"start":{"line":54,"column":38},"end":{"line":56,"column":13}}},"7":{"name":"(anonymous_7)","decl":{"start":{"line":57,"column":38},"end":{"line":57,"column":47}},"loc":{"start":{"line":57,"column":52},"end":{"line":60,"column":13}}}},"branchMap":{"0":{"loc":{"start":{"line":29,"column":8},"end":{"line":34,"column":null}},"type":"if","locations":[{"start":{"line":29,"column":8},"end":{"line":34,"column":null}},{"start":{"line":29,"column":8},"end":{"line":34,"column":null}}]},"1":{"loc":{"start":{"line":32,"column":15},"end":{"line":34,"column":null}},"type":"if","locations":[{"start":{"line":32,"column":15},"end":{"line":34,"column":null}},{"start":{"line":32,"column":15},"end":{"line":34,"column":null}}]},"2":{"loc":{"start":{"line":38,"column":8},"end":{"line":61,"column":null}},"type":"if","locations":[{"start":{"line":38,"column":8},"end":{"line":61,"column":null}},{"start":{"line":38,"column":8},"end":{"line":61,"column":null}}]},"3":{"loc":{"start":{"line":43,"column":16},"end":{"line":43,"column":75}},"type":"if","locations":[{"start":{"line":43,"column":16},"end":{"line":43,"column":75}},{"start":{"line":43,"column":16},"end":{"line":43,"column":75}}]},"4":{"loc":{"start":{"line":43,"column":19},"end":{"line":43,"column":41}},"type":"binary-expr","locations":[{"start":{"line":43,"column":19},"end":{"line":43,"column":41}},{"start":{"line":43,"column":45},"end":{"line":43,"column":67}}]},"5":{"loc":{"start":{"line":46,"column":15},"end":{"line":61,"column":null}},"type":"if","locations":[{"start":{"line":46,"column":15},"end":{"line":61,"column":null}},{"start":{"line":46,"column":15},"end":{"line":61,"column":null}}]},"6":{"loc":{"start":{"line":51,"column":16},"end":{"line":51,"column":85}},"type":"if","locations":[{"start":{"line":51,"column":16},"end":{"line":51,"column":85}},{"start":{"line":51,"column":16},"end":{"line":51,"column":85}}]},"7":{"loc":{"start":{"line":51,"column":19},"end":{"line":51,"column":42}},"type":"binary-expr","locations":[{"start":{"line":51,"column":19},"end":{"line":51,"column":42}},{"start":{"line":51,"column":46},"end":{"line":51,"column":77}}]},"8":{"loc":{"start":{"line":58,"column":16},"end":{"line":58,"column":84}},"type":"if","locations":[{"start":{"line":58,"column":16},"end":{"line":58,"column":84}},{"start":{"line":58,"column":16},"end":{"line":58,"column":84}}]},"9":{"loc":{"start":{"line":58,"column":19},"end":{"line":58,"column":50}},"type":"binary-expr","locations":[{"start":{"line":58,"column":19},"end":{"line":58,"column":50}},{"start":{"line":58,"column":54},"end":{"line":58,"column":76}}]}},"s":{"0":4,"1":4,"2":4,"3":4,"4":2,"5":2,"6":2,"7":2,"8":4,"9":2,"10":6,"11":2,"12":12,"13":2,"14":10,"15":2,"16":2,"17":5,"18":2,"19":17,"20":2,"21":15,"22":2,"23":5,"24":2,"25":17,"26":2,"27":15,"28":2},"f":{"0":4,"1":4,"2":6,"3":12,"4":5,"5":17,"6":5,"7":17},"b":{"0":[2,2],"1":[2,0],"2":[2,2],"3":[2,10],"4":[12,11],"5":[2,0],"6":[2,15],"7":[17,16],"8":[2,15],"9":[17,16]}}
,"C:\\Users\\Евгений\\Desktop\\jquery-slider — копия (2)\\src\\mvp\\presenter.ts": {"path":"C:\\Users\\Евгений\\Desktop\\jquery-slider — копия (2)\\src\\mvp\\presenter.ts","statementMap":{"0":{"start":{"line":1,"column":0},"end":{"line":1,"column":31}},"1":{"start":{"line":2,"column":0},"end":{"line":2,"column":29}},"2":{"start":{"line":47,"column":8},"end":{"line":47,"column":null}},"3":{"start":{"line":49,"column":8},"end":{"line":49,"column":null}},"4":{"start":{"line":51,"column":8},"end":{"line":54,"column":null}},"5":{"start":{"line":52,"column":12},"end":{"line":52,"column":null}},"6":{"start":{"line":53,"column":12},"end":{"line":53,"column":null}},"7":{"start":{"line":55,"column":8},"end":{"line":58,"column":null}},"8":{"start":{"line":56,"column":12},"end":{"line":56,"column":null}},"9":{"start":{"line":57,"column":12},"end":{"line":57,"column":null}},"10":{"start":{"line":62,"column":8},"end":{"line":62,"column":null}},"11":{"start":{"line":63,"column":8},"end":{"line":63,"column":null}},"12":{"start":{"line":65,"column":8},"end":{"line":75,"column":null}},"13":{"start":{"line":66,"column":12},"end":{"line":69,"column":null}},"14":{"start":{"line":67,"column":16},"end":{"line":67,"column":null}},"15":{"start":{"line":68,"column":16},"end":{"line":68,"column":null}},"16":{"start":{"line":71,"column":12},"end":{"line":74,"column":null}},"17":{"start":{"line":72,"column":16},"end":{"line":72,"column":null}},"18":{"start":{"line":73,"column":16},"end":{"line":73,"column":null}},"19":{"start":{"line":76,"column":8},"end":{"line":96,"column":null}},"20":{"start":{"line":77,"column":12},"end":{"line":80,"column":null}},"21":{"start":{"line":78,"column":16},"end":{"line":78,"column":null}},"22":{"start":{"line":79,"column":16},"end":{"line":79,"column":null}},"23":{"start":{"line":82,"column":12},"end":{"line":85,"column":null}},"24":{"start":{"line":83,"column":16},"end":{"line":83,"column":null}},"25":{"start":{"line":84,"column":16},"end":{"line":84,"column":null}},"26":{"start":{"line":87,"column":12},"end":{"line":95,"column":null}},"27":{"start":{"line":88,"column":16},"end":{"line":90,"column":null}},"28":{"start":{"line":92,"column":16},"end":{"line":94,"column":null}},"29":{"start":{"line":98,"column":8},"end":{"line":98,"column":null}},"30":{"start":{"line":103,"column":4},"end":{"line":103,"column":13}}},"fnMap":{"0":{"name":"(anonymous_0)","decl":{"start":{"line":46,"column":4},"end":{"line":46,"column":23}},"loc":{"start":{"line":46,"column":186},"end":{"line":59,"column":5}}},"1":{"name":"(anonymous_1)","decl":{"start":{"line":61,"column":11},"end":{"line":61,"column":15}},"loc":{"start":{"line":61,"column":15},"end":{"line":99,"column":5}}},"2":{"name":"(anonymous_2)","decl":{"start":{"line":66,"column":48},"end":{"line":66,"column":49}},"loc":{"start":{"line":66,"column":60},"end":{"line":69,"column":13}}},"3":{"name":"(anonymous_3)","decl":{"start":{"line":71,"column":35},"end":{"line":71,"column":44}},"loc":{"start":{"line":71,"column":49},"end":{"line":74,"column":13}}},"4":{"name":"(anonymous_4)","decl":{"start":{"line":77,"column":51},"end":{"line":77,"column":52}},"loc":{"start":{"line":77,"column":63},"end":{"line":80,"column":13}}},"5":{"name":"(anonymous_5)","decl":{"start":{"line":82,"column":51},"end":{"line":82,"column":52}},"loc":{"start":{"line":82,"column":63},"end":{"line":85,"column":13}}},"6":{"name":"(anonymous_6)","decl":{"start":{"line":87,"column":36},"end":{"line":87,"column":45}},"loc":{"start":{"line":87,"column":51},"end":{"line":95,"column":13}}}},"branchMap":{"0":{"loc":{"start":{"line":51,"column":8},"end":{"line":54,"column":null}},"type":"if","locations":[{"start":{"line":51,"column":8},"end":{"line":54,"column":null}},{"start":{"line":51,"column":8},"end":{"line":54,"column":null}}]},"1":{"loc":{"start":{"line":55,"column":8},"end":{"line":58,"column":null}},"type":"if","locations":[{"start":{"line":55,"column":8},"end":{"line":58,"column":null}},{"start":{"line":55,"column":8},"end":{"line":58,"column":null}}]},"2":{"loc":{"start":{"line":65,"column":8},"end":{"line":75,"column":null}},"type":"if","locations":[{"start":{"line":65,"column":8},"end":{"line":75,"column":null}},{"start":{"line":65,"column":8},"end":{"line":75,"column":null}}]},"3":{"loc":{"start":{"line":76,"column":8},"end":{"line":96,"column":null}},"type":"if","locations":[{"start":{"line":76,"column":8},"end":{"line":96,"column":null}},{"start":{"line":76,"column":8},"end":{"line":96,"column":null}}]}},"s":{"0":1,"1":1,"2":2,"3":2,"4":2,"5":1,"6":1,"7":2,"8":1,"9":1,"10":2,"11":2,"12":2,"13":1,"14":1,"15":1,"16":1,"17":1,"18":1,"19":2,"20":1,"21":1,"22":1,"23":1,"24":1,"25":1,"26":1,"27":1,"28":1,"29":2,"30":1},"f":{"0":2,"1":2,"2":1,"3":1,"4":1,"5":1,"6":1},"b":{"0":[1,1],"1":[1,1],"2":[1,1],"3":[1,1]}}
,"C:\\Users\\Евгений\\Desktop\\jquery-slider — копия (2)\\src\\mvp\\view.ts": {"path":"C:\\Users\\Евгений\\Desktop\\jquery-slider — копия (2)\\src\\mvp\\view.ts","statementMap":{"0":{"start":{"line":1,"column":0},"end":{"line":1,"column":22}},"1":{"start":{"line":3,"column":0},"end":{"line":3,"column":45}},"2":{"start":{"line":4,"column":0},"end":{"line":4,"column":43}},"3":{"start":{"line":5,"column":0},"end":{"line":5,"column":54}},"4":{"start":{"line":6,"column":0},"end":{"line":6,"column":45}},"5":{"start":{"line":7,"column":0},"end":{"line":7,"column":56}},"6":{"start":{"line":98,"column":8},"end":{"line":98,"column":null}},"7":{"start":{"line":99,"column":8},"end":{"line":99,"column":null}},"8":{"start":{"line":100,"column":8},"end":{"line":100,"column":null}},"9":{"start":{"line":101,"column":8},"end":{"line":101,"column":null}},"10":{"start":{"line":102,"column":8},"end":{"line":102,"column":null}},"11":{"start":{"line":103,"column":8},"end":{"line":103,"column":null}},"12":{"start":{"line":104,"column":8},"end":{"line":104,"column":null}},"13":{"start":{"line":105,"column":8},"end":{"line":105,"column":null}},"14":{"start":{"line":106,"column":8},"end":{"line":106,"column":null}},"15":{"start":{"line":108,"column":8},"end":{"line":108,"column":null}},"16":{"start":{"line":109,"column":8},"end":{"line":109,"column":null}},"17":{"start":{"line":111,"column":8},"end":{"line":114,"column":null}},"18":{"start":{"line":112,"column":12},"end":{"line":112,"column":null}},"19":{"start":{"line":113,"column":12},"end":{"line":113,"column":null}},"20":{"start":{"line":115,"column":8},"end":{"line":120,"column":null}},"21":{"start":{"line":116,"column":12},"end":{"line":116,"column":null}},"22":{"start":{"line":117,"column":12},"end":{"line":117,"column":null}},"23":{"start":{"line":118,"column":12},"end":{"line":118,"column":null}},"24":{"start":{"line":119,"column":12},"end":{"line":119,"column":null}},"25":{"start":{"line":122,"column":8},"end":{"line":122,"column":null}},"26":{"start":{"line":123,"column":8},"end":{"line":123,"column":null}},"27":{"start":{"line":124,"column":8},"end":{"line":124,"column":null}},"28":{"start":{"line":126,"column":8},"end":{"line":129,"column":null}},"29":{"start":{"line":127,"column":12},"end":{"line":127,"column":null}},"30":{"start":{"line":128,"column":12},"end":{"line":128,"column":null}},"31":{"start":{"line":130,"column":8},"end":{"line":135,"column":null}},"32":{"start":{"line":131,"column":12},"end":{"line":131,"column":null}},"33":{"start":{"line":132,"column":12},"end":{"line":132,"column":null}},"34":{"start":{"line":133,"column":12},"end":{"line":133,"column":null}},"35":{"start":{"line":134,"column":12},"end":{"line":134,"column":null}},"36":{"start":{"line":137,"column":8},"end":{"line":137,"column":null}},"37":{"start":{"line":138,"column":8},"end":{"line":138,"column":null}},"38":{"start":{"line":139,"column":8},"end":{"line":139,"column":null}},"39":{"start":{"line":141,"column":8},"end":{"line":144,"column":null}},"40":{"start":{"line":142,"column":12},"end":{"line":142,"column":null}},"41":{"start":{"line":143,"column":12},"end":{"line":143,"column":null}},"42":{"start":{"line":145,"column":8},"end":{"line":150,"column":null}},"43":{"start":{"line":146,"column":12},"end":{"line":146,"column":null}},"44":{"start":{"line":147,"column":12},"end":{"line":147,"column":null}},"45":{"start":{"line":148,"column":12},"end":{"line":148,"column":null}},"46":{"start":{"line":149,"column":12},"end":{"line":149,"column":null}},"47":{"start":{"line":152,"column":8},"end":{"line":152,"column":null}},"48":{"start":{"line":153,"column":8},"end":{"line":153,"column":null}},"49":{"start":{"line":158,"column":8},"end":{"line":177,"column":null}},"50":{"start":{"line":159,"column":12},"end":{"line":163,"column":null}},"51":{"start":{"line":160,"column":16},"end":{"line":160,"column":null}},"52":{"start":{"line":161,"column":16},"end":{"line":161,"column":null}},"53":{"start":{"line":162,"column":16},"end":{"line":162,"column":null}},"54":{"start":{"line":165,"column":12},"end":{"line":176,"column":null}},"55":{"start":{"line":166,"column":16},"end":{"line":166,"column":null}},"56":{"start":{"line":167,"column":16},"end":{"line":167,"column":null}},"57":{"start":{"line":169,"column":16},"end":{"line":171,"column":null}},"58":{"start":{"line":170,"column":20},"end":{"line":170,"column":null}},"59":{"start":{"line":173,"column":16},"end":{"line":175,"column":null}},"60":{"start":{"line":174,"column":20},"end":{"line":174,"column":null}},"61":{"start":{"line":178,"column":8},"end":{"line":220,"column":null}},"62":{"start":{"line":179,"column":12},"end":{"line":183,"column":null}},"63":{"start":{"line":180,"column":16},"end":{"line":180,"column":null}},"64":{"start":{"line":181,"column":16},"end":{"line":181,"column":null}},"65":{"start":{"line":182,"column":16},"end":{"line":182,"column":null}},"66":{"start":{"line":185,"column":12},"end":{"line":198,"column":null}},"67":{"start":{"line":186,"column":16},"end":{"line":186,"column":null}},"68":{"start":{"line":187,"column":16},"end":{"line":187,"column":null}},"69":{"start":{"line":189,"column":16},"end":{"line":191,"column":null}},"70":{"start":{"line":190,"column":20},"end":{"line":190,"column":null}},"71":{"start":{"line":193,"column":16},"end":{"line":197,"column":null}},"72":{"start":{"line":194,"column":46},"end":{"line":194,"column":177}},"73":{"start":{"line":195,"column":46},"end":{"line":195,"column":177}},"74":{"start":{"line":196,"column":20},"end":{"line":196,"column":null}},"75":{"start":{"line":200,"column":12},"end":{"line":204,"column":null}},"76":{"start":{"line":201,"column":16},"end":{"line":201,"column":null}},"77":{"start":{"line":202,"column":16},"end":{"line":202,"column":null}},"78":{"start":{"line":203,"column":16},"end":{"line":203,"column":null}},"79":{"start":{"line":206,"column":12},"end":{"line":219,"column":null}},"80":{"start":{"line":207,"column":16},"end":{"line":207,"column":null}},"81":{"start":{"line":208,"column":16},"end":{"line":208,"column":null}},"82":{"start":{"line":210,"column":16},"end":{"line":212,"column":null}},"83":{"start":{"line":211,"column":20},"end":{"line":211,"column":null}},"84":{"start":{"line":214,"column":16},"end":{"line":218,"column":null}},"85":{"start":{"line":215,"column":46},"end":{"line":215,"column":177}},"86":{"start":{"line":216,"column":46},"end":{"line":216,"column":177}},"87":{"start":{"line":217,"column":20},"end":{"line":217,"column":null}},"88":{"start":{"line":222,"column":8},"end":{"line":225,"column":null}},"89":{"start":{"line":226,"column":16},"end":{"line":232,"column":null}},"90":{"start":{"line":227,"column":20},"end":{"line":228,"column":null}},"91":{"start":{"line":229,"column":24},"end":{"line":231,"column":null}},"92":{"start":{"line":230,"column":28},"end":{"line":230,"column":null}},"93":{"start":{"line":233,"column":16},"end":{"line":241,"column":null}},"94":{"start":{"line":234,"column":20},"end":{"line":236,"column":null}},"95":{"start":{"line":237,"column":24},"end":{"line":240,"column":null}},"96":{"start":{"line":238,"column":28},"end":{"line":238,"column":null}},"97":{"start":{"line":239,"column":28},"end":{"line":239,"column":null}},"98":{"start":{"line":243,"column":8},"end":{"line":246,"column":null}},"99":{"start":{"line":244,"column":12},"end":{"line":244,"column":null}},"100":{"start":{"line":245,"column":12},"end":{"line":245,"column":null}},"101":{"start":{"line":247,"column":8},"end":{"line":250,"column":null}},"102":{"start":{"line":248,"column":12},"end":{"line":248,"column":null}},"103":{"start":{"line":249,"column":12},"end":{"line":249,"column":null}},"104":{"start":{"line":252,"column":8},"end":{"line":254,"column":null}},"105":{"start":{"line":253,"column":12},"end":{"line":253,"column":null}},"106":{"start":{"line":255,"column":8},"end":{"line":258,"column":null}},"107":{"start":{"line":256,"column":12},"end":{"line":256,"column":null}},"108":{"start":{"line":257,"column":12},"end":{"line":257,"column":null}},"109":{"start":{"line":260,"column":8},"end":{"line":278,"column":null}},"110":{"start":{"line":261,"column":40},"end":{"line":261,"column":87}},"111":{"start":{"line":262,"column":12},"end":{"line":268,"column":null}},"112":{"start":{"line":263,"column":16},"end":{"line":267,"column":null}},"113":{"start":{"line":264,"column":20},"end":{"line":266,"column":null}},"114":{"start":{"line":270,"column":12},"end":{"line":277,"column":null}},"115":{"start":{"line":271,"column":16},"end":{"line":276,"column":null}},"116":{"start":{"line":272,"column":34},"end":{"line":272,"column":60}},"117":{"start":{"line":273,"column":20},"end":{"line":275,"column":null}},"118":{"start":{"line":279,"column":8},"end":{"line":339,"column":null}},"119":{"start":{"line":280,"column":12},"end":{"line":284,"column":null}},"120":{"start":{"line":281,"column":16},"end":{"line":283,"column":null}},"121":{"start":{"line":286,"column":12},"end":{"line":290,"column":null}},"122":{"start":{"line":287,"column":16},"end":{"line":289,"column":null}},"123":{"start":{"line":292,"column":12},"end":{"line":306,"column":null}},"124":{"start":{"line":293,"column":30},"end":{"line":293,"column":150}},"125":{"start":{"line":295,"column":16},"end":{"line":299,"column":null}},"126":{"start":{"line":296,"column":20},"end":{"line":298,"column":null}},"127":{"start":{"line":301,"column":16},"end":{"line":305,"column":null}},"128":{"start":{"line":302,"column":20},"end":{"line":304,"column":null}},"129":{"start":{"line":308,"column":12},"end":{"line":322,"column":null}},"130":{"start":{"line":309,"column":30},"end":{"line":309,"column":150}},"131":{"start":{"line":310,"column":35},"end":{"line":310,"column":100}},"132":{"start":{"line":312,"column":16},"end":{"line":316,"column":null}},"133":{"start":{"line":313,"column":20},"end":{"line":315,"column":null}},"134":{"start":{"line":317,"column":16},"end":{"line":321,"column":null}},"135":{"start":{"line":318,"column":20},"end":{"line":320,"column":null}},"136":{"start":{"line":324,"column":12},"end":{"line":338,"column":null}},"137":{"start":{"line":325,"column":16},"end":{"line":337,"column":null}},"138":{"start":{"line":326,"column":20},"end":{"line":336,"column":null}},"139":{"start":{"line":327,"column":36},"end":{"line":327,"column":62}},"140":{"start":{"line":329,"column":24},"end":{"line":331,"column":null}},"141":{"start":{"line":333,"column":24},"end":{"line":335,"column":null}},"142":{"start":{"line":344,"column":4},"end":{"line":344,"column":8}}},"fnMap":{"0":{"name":"(anonymous_1)","decl":{"start":{"line":97,"column":4},"end":{"line":97,"column":23}},"loc":{"start":{"line":97,"column":40},"end":{"line":155,"column":5}}},"1":{"name":"(anonymous_2)","decl":{"start":{"line":157,"column":11},"end":{"line":157,"column":15}},"loc":{"start":{"line":157,"column":15},"end":{"line":340,"column":5}}},"2":{"name":"(anonymous_3)","decl":{"start":{"line":159,"column":38},"end":{"line":159,"column":47}},"loc":{"start":{"line":159,"column":52},"end":{"line":163,"column":13}}},"3":{"name":"(anonymous_4)","decl":{"start":{"line":165,"column":44},"end":{"line":165,"column":null}},"loc":{"start":{"line":165,"column":44},"end":{"line":176,"column":13}}},"4":{"name":"(anonymous_5)","decl":{"start":{"line":179,"column":41},"end":{"line":179,"column":50}},"loc":{"start":{"line":179,"column":55},"end":{"line":183,"column":13}}},"5":{"name":"(anonymous_6)","decl":{"start":{"line":185,"column":47},"end":{"line":185,"column":null}},"loc":{"start":{"line":185,"column":47},"end":{"line":198,"column":13}}},"6":{"name":"(anonymous_7)","decl":{"start":{"line":200,"column":41},"end":{"line":200,"column":50}},"loc":{"start":{"line":200,"column":55},"end":{"line":204,"column":13}}},"7":{"name":"(anonymous_8)","decl":{"start":{"line":206,"column":47},"end":{"line":206,"column":null}},"loc":{"start":{"line":206,"column":47},"end":{"line":219,"column":13}}},"8":{"name":"(anonymous_9)","decl":{"start":{"line":262,"column":29},"end":{"line":262,"column":30}},"loc":{"start":{"line":262,"column":36},"end":{"line":268,"column":13}}},"9":{"name":"(anonymous_10)","decl":{"start":{"line":263,"column":46},"end":{"line":263,"column":47}},"loc":{"start":{"line":263,"column":58},"end":{"line":267,"column":17}}},"10":{"name":"(anonymous_11)","decl":{"start":{"line":271,"column":42},"end":{"line":271,"column":45}},"loc":{"start":{"line":271,"column":47},"end":{"line":276,"column":17}}},"11":{"name":"(anonymous_12)","decl":{"start":{"line":280,"column":60},"end":{"line":280,"column":61}},"loc":{"start":{"line":280,"column":72},"end":{"line":284,"column":13}}},"12":{"name":"(anonymous_13)","decl":{"start":{"line":286,"column":60},"end":{"line":286,"column":61}},"loc":{"start":{"line":286,"column":72},"end":{"line":290,"column":13}}},"13":{"name":"(anonymous_14)","decl":{"start":{"line":292,"column":51},"end":{"line":292,"column":52}},"loc":{"start":{"line":292,"column":63},"end":{"line":306,"column":13}}},"14":{"name":"(anonymous_15)","decl":{"start":{"line":308,"column":57},"end":{"line":308,"column":58}},"loc":{"start":{"line":308,"column":69},"end":{"line":322,"column":13}}},"15":{"name":"(anonymous_16)","decl":{"start":{"line":325,"column":42},"end":{"line":325,"column":45}},"loc":{"start":{"line":325,"column":47},"end":{"line":337,"column":17}}}},"branchMap":{"0":{"loc":{"start":{"line":111,"column":8},"end":{"line":114,"column":null}},"type":"if","locations":[{"start":{"line":111,"column":8},"end":{"line":114,"column":null}},{"start":{"line":111,"column":8},"end":{"line":114,"column":null}}]},"1":{"loc":{"start":{"line":115,"column":8},"end":{"line":120,"column":null}},"type":"if","locations":[{"start":{"line":115,"column":8},"end":{"line":120,"column":null}},{"start":{"line":115,"column":8},"end":{"line":120,"column":null}}]},"2":{"loc":{"start":{"line":126,"column":8},"end":{"line":129,"column":null}},"type":"if","locations":[{"start":{"line":126,"column":8},"end":{"line":129,"column":null}},{"start":{"line":126,"column":8},"end":{"line":129,"column":null}}]},"3":{"loc":{"start":{"line":130,"column":8},"end":{"line":135,"column":null}},"type":"if","locations":[{"start":{"line":130,"column":8},"end":{"line":135,"column":null}},{"start":{"line":130,"column":8},"end":{"line":135,"column":null}}]},"4":{"loc":{"start":{"line":141,"column":8},"end":{"line":144,"column":null}},"type":"if","locations":[{"start":{"line":141,"column":8},"end":{"line":144,"column":null}},{"start":{"line":141,"column":8},"end":{"line":144,"column":null}}]},"5":{"loc":{"start":{"line":145,"column":8},"end":{"line":150,"column":null}},"type":"if","locations":[{"start":{"line":145,"column":8},"end":{"line":150,"column":null}},{"start":{"line":145,"column":8},"end":{"line":150,"column":null}}]},"6":{"loc":{"start":{"line":158,"column":8},"end":{"line":177,"column":null}},"type":"if","locations":[{"start":{"line":158,"column":8},"end":{"line":177,"column":null}},{"start":{"line":158,"column":8},"end":{"line":177,"column":null}}]},"7":{"loc":{"start":{"line":169,"column":16},"end":{"line":171,"column":null}},"type":"if","locations":[{"start":{"line":169,"column":16},"end":{"line":171,"column":null}},{"start":{"line":169,"column":16},"end":{"line":171,"column":null}}]},"8":{"loc":{"start":{"line":173,"column":16},"end":{"line":175,"column":null}},"type":"if","locations":[{"start":{"line":173,"column":16},"end":{"line":175,"column":null}},{"start":{"line":173,"column":16},"end":{"line":175,"column":null}}]},"9":{"loc":{"start":{"line":178,"column":8},"end":{"line":220,"column":null}},"type":"if","locations":[{"start":{"line":178,"column":8},"end":{"line":220,"column":null}},{"start":{"line":178,"column":8},"end":{"line":220,"column":null}}]},"10":{"loc":{"start":{"line":189,"column":16},"end":{"line":191,"column":null}},"type":"if","locations":[{"start":{"line":189,"column":16},"end":{"line":191,"column":null}},{"start":{"line":189,"column":16},"end":{"line":191,"column":null}}]},"11":{"loc":{"start":{"line":193,"column":16},"end":{"line":197,"column":null}},"type":"if","locations":[{"start":{"line":193,"column":16},"end":{"line":197,"column":null}},{"start":{"line":193,"column":16},"end":{"line":197,"column":null}}]},"12":{"loc":{"start":{"line":194,"column":90},"end":{"line":194,"column":133}},"type":"cond-expr","locations":[{"start":{"line":194,"column":90},"end":{"line":194,"column":133}},{"start":{"line":194,"column":136},"end":{"line":194,"column":177}}]},"13":{"loc":{"start":{"line":195,"column":90},"end":{"line":195,"column":133}},"type":"cond-expr","locations":[{"start":{"line":195,"column":90},"end":{"line":195,"column":133}},{"start":{"line":195,"column":136},"end":{"line":195,"column":177}}]},"14":{"loc":{"start":{"line":210,"column":16},"end":{"line":212,"column":null}},"type":"if","locations":[{"start":{"line":210,"column":16},"end":{"line":212,"column":null}},{"start":{"line":210,"column":16},"end":{"line":212,"column":null}}]},"15":{"loc":{"start":{"line":214,"column":16},"end":{"line":218,"column":null}},"type":"if","locations":[{"start":{"line":214,"column":16},"end":{"line":218,"column":null}},{"start":{"line":214,"column":16},"end":{"line":218,"column":null}}]},"16":{"loc":{"start":{"line":215,"column":90},"end":{"line":215,"column":133}},"type":"cond-expr","locations":[{"start":{"line":215,"column":90},"end":{"line":215,"column":133}},{"start":{"line":215,"column":136},"end":{"line":215,"column":177}}]},"17":{"loc":{"start":{"line":216,"column":90},"end":{"line":216,"column":133}},"type":"cond-expr","locations":[{"start":{"line":216,"column":90},"end":{"line":216,"column":133}},{"start":{"line":216,"column":136},"end":{"line":216,"column":177}}]},"18":{"loc":{"start":{"line":226,"column":16},"end":{"line":232,"column":null}},"type":"if","locations":[{"start":{"line":226,"column":16},"end":{"line":232,"column":null}},{"start":{"line":226,"column":16},"end":{"line":232,"column":null}}]},"19":{"loc":{"start":{"line":229,"column":24},"end":{"line":231,"column":null}},"type":"if","locations":[{"start":{"line":229,"column":24},"end":{"line":231,"column":null}},{"start":{"line":229,"column":24},"end":{"line":231,"column":null}}]},"20":{"loc":{"start":{"line":233,"column":16},"end":{"line":241,"column":null}},"type":"if","locations":[{"start":{"line":233,"column":16},"end":{"line":241,"column":null}},{"start":{"line":233,"column":16},"end":{"line":241,"column":null}}]},"21":{"loc":{"start":{"line":237,"column":24},"end":{"line":240,"column":null}},"type":"if","locations":[{"start":{"line":237,"column":24},"end":{"line":240,"column":null}},{"start":{"line":237,"column":24},"end":{"line":240,"column":null}}]},"22":{"loc":{"start":{"line":243,"column":8},"end":{"line":246,"column":null}},"type":"if","locations":[{"start":{"line":243,"column":8},"end":{"line":246,"column":null}},{"start":{"line":243,"column":8},"end":{"line":246,"column":null}}]},"23":{"loc":{"start":{"line":247,"column":8},"end":{"line":250,"column":null}},"type":"if","locations":[{"start":{"line":247,"column":8},"end":{"line":250,"column":null}},{"start":{"line":247,"column":8},"end":{"line":250,"column":null}}]},"24":{"loc":{"start":{"line":252,"column":8},"end":{"line":254,"column":null}},"type":"if","locations":[{"start":{"line":252,"column":8},"end":{"line":254,"column":null}},{"start":{"line":252,"column":8},"end":{"line":254,"column":null}}]},"25":{"loc":{"start":{"line":255,"column":8},"end":{"line":258,"column":null}},"type":"if","locations":[{"start":{"line":255,"column":8},"end":{"line":258,"column":null}},{"start":{"line":255,"column":8},"end":{"line":258,"column":null}}]},"26":{"loc":{"start":{"line":260,"column":8},"end":{"line":278,"column":null}},"type":"if","locations":[{"start":{"line":260,"column":8},"end":{"line":278,"column":null}},{"start":{"line":260,"column":8},"end":{"line":278,"column":null}}]},"27":{"loc":{"start":{"line":270,"column":12},"end":{"line":277,"column":null}},"type":"if","locations":[{"start":{"line":270,"column":12},"end":{"line":277,"column":null}},{"start":{"line":270,"column":12},"end":{"line":277,"column":null}}]},"28":{"loc":{"start":{"line":279,"column":8},"end":{"line":339,"column":null}},"type":"if","locations":[{"start":{"line":279,"column":8},"end":{"line":339,"column":null}},{"start":{"line":279,"column":8},"end":{"line":339,"column":null}}]},"29":{"loc":{"start":{"line":295,"column":16},"end":{"line":299,"column":null}},"type":"if","locations":[{"start":{"line":295,"column":16},"end":{"line":299,"column":null}},{"start":{"line":295,"column":16},"end":{"line":299,"column":null}}]},"30":{"loc":{"start":{"line":301,"column":16},"end":{"line":305,"column":null}},"type":"if","locations":[{"start":{"line":301,"column":16},"end":{"line":305,"column":null}},{"start":{"line":301,"column":16},"end":{"line":305,"column":null}}]},"31":{"loc":{"start":{"line":312,"column":16},"end":{"line":316,"column":null}},"type":"if","locations":[{"start":{"line":312,"column":16},"end":{"line":316,"column":null}},{"start":{"line":312,"column":16},"end":{"line":316,"column":null}}]},"32":{"loc":{"start":{"line":317,"column":16},"end":{"line":321,"column":null}},"type":"if","locations":[{"start":{"line":317,"column":16},"end":{"line":321,"column":null}},{"start":{"line":317,"column":16},"end":{"line":321,"column":null}}]},"33":{"loc":{"start":{"line":324,"column":12},"end":{"line":338,"column":null}},"type":"if","locations":[{"start":{"line":324,"column":12},"end":{"line":338,"column":null}},{"start":{"line":324,"column":12},"end":{"line":338,"column":null}}]},"34":{"loc":{"start":{"line":326,"column":20},"end":{"line":336,"column":null}},"type":"if","locations":[{"start":{"line":326,"column":20},"end":{"line":336,"column":null}},{"start":{"line":326,"column":20},"end":{"line":336,"column":null}}]}},"s":{"0":2,"1":2,"2":2,"3":2,"4":2,"5":2,"6":4,"7":4,"8":4,"9":4,"10":4,"11":4,"12":4,"13":4,"14":4,"15":4,"16":4,"17":4,"18":2,"19":2,"20":4,"21":2,"22":2,"23":2,"24":2,"25":4,"26":4,"27":4,"28":4,"29":2,"30":2,"31":4,"32":2,"33":2,"34":2,"35":2,"36":4,"37":4,"38":4,"39":4,"40":2,"41":2,"42":4,"43":2,"44":2,"45":2,"46":2,"47":4,"48":4,"49":17,"50":5,"51":3,"52":3,"53":3,"54":5,"55":8,"56":8,"57":8,"58":5,"59":8,"60":5,"61":17,"62":12,"63":2,"64":2,"65":2,"66":12,"67":14,"68":14,"69":14,"70":12,"71":14,"72":12,"73":12,"74":12,"75":12,"76":2,"77":2,"78":2,"79":12,"80":14,"81":14,"82":14,"83":12,"84":14,"85":12,"86":12,"87":12,"88":17,"89":17,"90":5,"91":5,"92":4,"93":17,"94":12,"95":12,"96":11,"97":11,"98":17,"99":6,"100":6,"101":17,"102":11,"103":11,"104":17,"105":5,"106":17,"107":12,"108":12,"109":17,"110":5,"111":5,"112":15,"113":12,"114":5,"115":4,"116":4,"117":4,"118":17,"119":12,"120":5,"121":12,"122":6,"123":12,"124":15,"125":15,"126":0,"127":15,"128":15,"129":12,"130":19,"131":19,"132":19,"133":0,"134":19,"135":19,"136":12,"137":11,"138":11,"139":11,"140":11,"141":11,"142":2},"f":{"0":4,"1":17,"2":3,"3":8,"4":2,"5":14,"6":2,"7":14,"8":15,"9":12,"10":4,"11":5,"12":6,"13":15,"14":19,"15":11},"b":{"0":[2,2],"1":[2,2],"2":[2,2],"3":[2,2],"4":[2,2],"5":[2,2],"6":[5,12],"7":[5,3],"8":[5,3],"9":[12,5],"10":[12,2],"11":[12,2],"12":[12,0],"13":[12,0],"14":[12,2],"15":[12,2],"16":[12,0],"17":[12,0],"18":[5,12],"19":[4,1],"20":[12,5],"21":[11,1],"22":[6,11],"23":[11,6],"24":[5,12],"25":[12,5],"26":[5,12],"27":[4,1],"28":[12,5],"29":[0,15],"30":[15,0],"31":[0,19],"32":[19,0],"33":[11,1],"34":[11,0]}}
}
