TN:
SF:src\components\runner.ts
FN:7,(anonymous_1)
FN:12,(anonymous_2)
FN:13,(anonymous_3)
FN:25,(anonymous_4)
FN:33,(anonymous_5)
FN:37,(anonymous_6)
FNF:6
FNH:6
FNDA:8,(anonymous_1)
FNDA:2,(anonymous_2)
FNDA:2,(anonymous_3)
FNDA:3,(anonymous_4)
FNDA:12,(anonymous_5)
FNDA:38,(anonymous_6)
DA:1,3
DA:8,8
DA:9,8
DA:13,2
DA:14,2
DA:15,1
DA:19,2
DA:20,1
DA:25,2
DA:26,3
DA:34,12
DA:38,38
DA:39,13
DA:41,38
DA:42,25
DA:48,3
LF:16
LH:16
BRDA:14,0,0,1
BRDA:14,0,1,1
BRDA:19,1,0,1
BRDA:19,1,1,1
BRDA:38,2,0,13
BRDA:38,2,1,25
BRDA:41,3,0,25
BRDA:41,3,1,13
BRF:8
BRH:8
end_of_record
TN:
SF:src\components\scale-value.ts
FN:7,(anonymous_1)
FN:12,(anonymous_2)
FN:28,(anonymous_3)
FN:32,(anonymous_4)
FNF:4
FNH:4
FNDA:6,(anonymous_1)
FNDA:2,(anonymous_2)
FNDA:12,(anonymous_3)
FNDA:40,(anonymous_4)
DA:1,3
DA:8,6
DA:9,6
DA:13,2
DA:14,1
DA:18,2
DA:19,1
DA:29,12
DA:33,40
DA:34,14
DA:36,14
DA:37,3
DA:40,40
DA:41,26
DA:43,26
DA:44,13
DA:51,3
LF:17
LH:17
BRDA:13,0,0,1
BRDA:13,0,1,1
BRDA:18,1,0,1
BRDA:18,1,1,1
BRDA:33,2,0,14
BRDA:33,2,1,26
BRDA:36,3,0,3
BRDA:36,3,1,11
BRDA:40,4,0,26
BRDA:40,4,1,14
BRDA:43,5,0,13
BRDA:43,5,1,13
BRF:12
BRH:12
end_of_record
TN:
SF:src\components\scale.ts
FN:7,(anonymous_1)
FN:12,(anonymous_2)
FN:28,(anonymous_3)
FNF:3
FNH:3
FNDA:6,(anonymous_1)
FNDA:2,(anonymous_2)
FNDA:8,(anonymous_3)
DA:1,3
DA:8,6
DA:9,6
DA:13,2
DA:14,1
DA:18,2
DA:19,1
DA:29,8
DA:34,3
LF:9
LH:9
BRDA:13,0,0,1
BRDA:13,0,1,1
BRDA:18,1,0,1
BRDA:18,1,1,1
BRF:4
BRH:4
end_of_record
TN:
SF:src\components\slider.ts
FN:6,(anonymous_1)
FN:12,(anonymous_2)
FNF:2
FNH:2
FNDA:6,(anonymous_1)
FNDA:6,(anonymous_2)
DA:1,3
DA:7,6
DA:13,6
DA:18,3
LF:4
LH:4
BRF:0
BRH:0
end_of_record
TN:
SF:src\components\window-value.ts
FN:7,(anonymous_1)
FN:14,(anonymous_2)
FN:18,(anonymous_3)
FNF:3
FNH:3
FNDA:8,(anonymous_1)
FNDA:10,(anonymous_2)
FNDA:31,(anonymous_3)
DA:1,3
DA:8,8
DA:9,8
DA:15,10
DA:19,31
DA:20,6
DA:22,31
DA:23,25
DA:25,31
DA:30,3
LF:10
LH:10
BRDA:19,0,0,6
BRDA:19,0,1,25
BRDA:22,1,0,25
BRDA:22,1,1,6
BRF:4
BRH:4
end_of_record
TN:
SF:src\mvp\model.ts
FN:25,(anonymous_0)
FN:37,(anonymous_1)
FN:39,(anonymous_2)
FN:42,(anonymous_3)
FN:47,(anonymous_4)
FN:50,(anonymous_5)
FN:54,(anonymous_6)
FN:57,(anonymous_7)
FNF:8
FNH:8
FNDA:4,(anonymous_0)
FNDA:4,(anonymous_1)
FNDA:6,(anonymous_2)
FNDA:12,(anonymous_3)
FNDA:5,(anonymous_4)
FNDA:17,(anonymous_5)
FNDA:5,(anonymous_6)
FNDA:17,(anonymous_7)
DA:26,4
DA:27,4
DA:28,4
DA:29,4
DA:30,2
DA:31,2
DA:32,2
DA:33,2
DA:38,4
DA:39,2
DA:40,6
DA:42,2
DA:43,12
DA:44,10
DA:46,2
DA:47,2
DA:48,5
DA:50,2
DA:51,17
DA:52,15
DA:54,2
DA:55,5
DA:57,2
DA:58,17
DA:59,15
DA:66,2
LF:26
LH:26
BRDA:29,0,0,2
BRDA:29,0,1,2
BRDA:32,1,0,2
BRDA:32,1,1,0
BRDA:38,2,0,2
BRDA:38,2,1,2
BRDA:43,3,0,2
BRDA:43,3,1,10
BRDA:43,4,0,12
BRDA:43,4,1,11
BRDA:46,5,0,2
BRDA:46,5,1,0
BRDA:51,6,0,2
BRDA:51,6,1,15
BRDA:51,7,0,17
BRDA:51,7,1,16
BRDA:58,8,0,2
BRDA:58,8,1,15
BRDA:58,9,0,17
BRDA:58,9,1,16
BRF:20
BRH:18
end_of_record
TN:
SF:src\mvp\presenter.ts
FN:46,(anonymous_0)
FN:61,(anonymous_1)
FN:66,(anonymous_2)
FN:71,(anonymous_3)
FN:77,(anonymous_4)
FN:82,(anonymous_5)
FN:87,(anonymous_6)
FNF:7
FNH:7
FNDA:2,(anonymous_0)
FNDA:2,(anonymous_1)
FNDA:1,(anonymous_2)
FNDA:1,(anonymous_3)
FNDA:1,(anonymous_4)
FNDA:1,(anonymous_5)
FNDA:1,(anonymous_6)
DA:1,1
DA:2,1
DA:47,2
DA:49,2
DA:51,2
DA:52,1
DA:53,1
DA:55,2
DA:56,1
DA:57,1
DA:62,2
DA:63,2
DA:65,2
DA:66,1
DA:67,1
DA:68,1
DA:71,1
DA:72,1
DA:73,1
DA:76,2
DA:77,1
DA:78,1
DA:79,1
DA:82,1
DA:83,1
DA:84,1
DA:87,1
DA:88,1
DA:92,1
DA:98,2
DA:103,1
LF:31
LH:31
BRDA:51,0,0,1
BRDA:51,0,1,1
BRDA:55,1,0,1
BRDA:55,1,1,1
BRDA:65,2,0,1
BRDA:65,2,1,1
BRDA:76,3,0,1
BRDA:76,3,1,1
BRF:8
BRH:8
end_of_record
TN:
SF:src\mvp\view.ts
FN:97,(anonymous_1)
FN:157,(anonymous_2)
FN:159,(anonymous_3)
FN:165,(anonymous_4)
FN:179,(anonymous_5)
FN:185,(anonymous_6)
FN:200,(anonymous_7)
FN:206,(anonymous_8)
FN:262,(anonymous_9)
FN:263,(anonymous_10)
FN:271,(anonymous_11)
FN:280,(anonymous_12)
FN:286,(anonymous_13)
FN:292,(anonymous_14)
FN:308,(anonymous_15)
FN:325,(anonymous_16)
FNF:16
FNH:16
FNDA:4,(anonymous_1)
FNDA:17,(anonymous_2)
FNDA:3,(anonymous_3)
FNDA:8,(anonymous_4)
FNDA:2,(anonymous_5)
FNDA:14,(anonymous_6)
FNDA:2,(anonymous_7)
FNDA:14,(anonymous_8)
FNDA:15,(anonymous_9)
FNDA:12,(anonymous_10)
FNDA:4,(anonymous_11)
FNDA:5,(anonymous_12)
FNDA:6,(anonymous_13)
FNDA:15,(anonymous_14)
FNDA:19,(anonymous_15)
FNDA:11,(anonymous_16)
DA:1,2
DA:3,2
DA:4,2
DA:5,2
DA:6,2
DA:7,2
DA:98,4
DA:99,4
DA:100,4
DA:101,4
DA:102,4
DA:103,4
DA:104,4
DA:105,4
DA:106,4
DA:108,4
DA:109,4
DA:111,4
DA:112,2
DA:113,2
DA:115,4
DA:116,2
DA:117,2
DA:118,2
DA:119,2
DA:122,4
DA:123,4
DA:124,4
DA:126,4
DA:127,2
DA:128,2
DA:130,4
DA:131,2
DA:132,2
DA:133,2
DA:134,2
DA:137,4
DA:138,4
DA:139,4
DA:141,4
DA:142,2
DA:143,2
DA:145,4
DA:146,2
DA:147,2
DA:148,2
DA:149,2
DA:152,4
DA:153,4
DA:158,17
DA:159,5
DA:160,3
DA:161,3
DA:162,3
DA:165,5
DA:166,8
DA:167,8
DA:169,8
DA:170,5
DA:173,8
DA:174,5
DA:178,17
DA:179,12
DA:180,2
DA:181,2
DA:182,2
DA:185,12
DA:186,14
DA:187,14
DA:189,14
DA:190,12
DA:193,14
DA:194,12
DA:195,12
DA:196,12
DA:200,12
DA:201,2
DA:202,2
DA:203,2
DA:206,12
DA:207,14
DA:208,14
DA:210,14
DA:211,12
DA:214,14
DA:215,12
DA:216,12
DA:217,12
DA:222,17
DA:226,17
DA:227,5
DA:229,5
DA:230,4
DA:233,17
DA:234,12
DA:237,12
DA:238,11
DA:239,11
DA:243,17
DA:244,6
DA:245,6
DA:247,17
DA:248,11
DA:249,11
DA:252,17
DA:253,5
DA:255,17
DA:256,12
DA:257,12
DA:260,17
DA:261,5
DA:262,5
DA:263,15
DA:264,12
DA:270,5
DA:271,4
DA:272,4
DA:273,4
DA:279,17
DA:280,12
DA:281,5
DA:286,12
DA:287,6
DA:292,12
DA:293,15
DA:295,15
DA:296,0
DA:301,15
DA:302,15
DA:308,12
DA:309,19
DA:310,19
DA:312,19
DA:313,0
DA:317,19
DA:318,19
DA:324,12
DA:325,11
DA:326,11
DA:327,11
DA:329,11
DA:333,11
DA:344,2
LF:143
LH:141
BRDA:111,0,0,2
BRDA:111,0,1,2
BRDA:115,1,0,2
BRDA:115,1,1,2
BRDA:126,2,0,2
BRDA:126,2,1,2
BRDA:130,3,0,2
BRDA:130,3,1,2
BRDA:141,4,0,2
BRDA:141,4,1,2
BRDA:145,5,0,2
BRDA:145,5,1,2
BRDA:158,6,0,5
BRDA:158,6,1,12
BRDA:169,7,0,5
BRDA:169,7,1,3
BRDA:173,8,0,5
BRDA:173,8,1,3
BRDA:178,9,0,12
BRDA:178,9,1,5
BRDA:189,10,0,12
BRDA:189,10,1,2
BRDA:193,11,0,12
BRDA:193,11,1,2
BRDA:194,12,0,12
BRDA:194,12,1,0
BRDA:195,13,0,12
BRDA:195,13,1,0
BRDA:210,14,0,12
BRDA:210,14,1,2
BRDA:214,15,0,12
BRDA:214,15,1,2
BRDA:215,16,0,12
BRDA:215,16,1,0
BRDA:216,17,0,12
BRDA:216,17,1,0
BRDA:226,18,0,5
BRDA:226,18,1,12
BRDA:229,19,0,4
BRDA:229,19,1,1
BRDA:233,20,0,12
BRDA:233,20,1,5
BRDA:237,21,0,11
BRDA:237,21,1,1
BRDA:243,22,0,6
BRDA:243,22,1,11
BRDA:247,23,0,11
BRDA:247,23,1,6
BRDA:252,24,0,5
BRDA:252,24,1,12
BRDA:255,25,0,12
BRDA:255,25,1,5
BRDA:260,26,0,5
BRDA:260,26,1,12
BRDA:270,27,0,4
BRDA:270,27,1,1
BRDA:279,28,0,12
BRDA:279,28,1,5
BRDA:295,29,0,0
BRDA:295,29,1,15
BRDA:301,30,0,15
BRDA:301,30,1,0
BRDA:312,31,0,0
BRDA:312,31,1,19
BRDA:317,32,0,19
BRDA:317,32,1,0
BRDA:324,33,0,11
BRDA:324,33,1,1
BRDA:326,34,0,11
BRDA:326,34,1,0
BRF:70
BRH:61
end_of_record
